<?xml version="1.0" encoding="UTF-8" ?>
<testsuite tests="10" failures="0" name="test.dao.CatalogDaoTest" time="0.274" errors="0" skipped="0">
  <properties>
[...]
</properties>
  <testcase classname="test.dao.CatalogDaoTest" name="test_getArticleCategories_match" time="0.198"/>
  <testcase classname="test.dao.CatalogDaoTest" name="test_getCategories" time="0.009"/>
  <testcase classname="test.dao.CatalogDaoTest" name="test_getCategoryContent_match" time="0.007"/>
  <testcase classname="test.dao.CatalogDaoTest" name="test_getArticleCategories_none" time="0.003"/>
  <testcase classname="test.dao.CatalogDaoTest" name="test_getArticleCategories_null" time="0.002"/>
  <testcase classname="test.dao.CatalogDaoTest" name="test_getPerished_tooMany" time="0.036"/>
  <testcase classname="test.dao.CatalogDaoTest" name="test_getCategoryContent_none" time="0.002"/>
  <testcase classname="test.dao.CatalogDaoTest" name="test_getCategoryContent_null" time="0.001"/>
  <testcase classname="test.dao.CatalogDaoTest" name="test_getPerished_none" time="0.005"/>
  <testcase classname="test.dao.CatalogDaoTest" name="test_getPerished_some" time="0.011"/>
</testsuite>